1734192191.6872141 [INFO] [launch]: All log files can be found below /home/ros2_ws/.ros/log/2024-12-14-13-03-11-686808-Lundi-3181
1734192191.6872909 [INFO] [launch]: Default logging verbosity is set to INFO
1734192191.7379222 [INFO] [robot_state_publisher-1]: process started with pid [3182]
1734192191.7380354 [INFO] [joint_state_publisher-2]: process started with pid [3184]
1734192191.7380819 [INFO] [joint_state_publisher_gui-3]: process started with pid [3186]
1734192191.7381153 [INFO] [rviz2-4]: process started with pid [3188]
1734192191.8549323 [joint_state_publisher-2] [INFO] [1734192191.854732198] [joint_state_publisher]: Waiting for robot_description to be published on the robot_description topic...
1734192191.8635910 [joint_state_publisher_gui-3] QStandardPaths: runtime directory '/tmp/runtime-ros2_ws' is not owned by UID 0, but a directory permissions 0755 owned by UID 1000 GID 1000
1734192191.8922939 [joint_state_publisher_gui-3] [INFO] [1734192191.892107158] [joint_state_publisher_gui]: Waiting for robot_description to be published on the robot_description topic...
1734192191.8996859 [joint_state_publisher_gui-3] [INFO] [1734192191.899505783] [joint_state_publisher_gui]: Centering
1734192191.9269450 [joint_state_publisher_gui-3] MESA: error: Failed to query drm device.
1734192191.9270213 [joint_state_publisher_gui-3] libGL error: glx: failed to create dri3 screen
1734192191.9270487 [joint_state_publisher_gui-3] libGL error: failed to load driver: iris
1734192191.9286799 [joint_state_publisher_gui-3] libGL error: failed to open /dev/dri/card1: No such file or directory
1734192191.9287171 [joint_state_publisher_gui-3] libGL error: failed to load driver: iris
1734192191.9496973 [joint_state_publisher_gui-3] [INFO] [1734192191.949510051] [joint_state_publisher_gui]: Centering
1734192198.2414744 [INFO] [joint_state_publisher_gui-3]: process has finished cleanly [pid 3186]
1734199189.2958012 [WARNING] [launch]: user interrupted with ctrl-c (SIGINT)
1734199189.4078546 [INFO] [robot_state_publisher-1]: process has finished cleanly [pid 3182]
1734199189.4458716 [INFO] [joint_state_publisher-2]: process has finished cleanly [pid 3184]
1734199189.5057034 [INFO] [rviz2-4]: process has finished cleanly [pid 3188]
