1734190714.2686276 [INFO] [launch]: All log files can be found below /home/ros2_ws/.ros/log/2024-12-14-12-38-34-268201-Lundi-2500
1734190714.2687211 [INFO] [launch]: Default logging verbosity is set to INFO
1734190714.3198934 [INFO] [robot_state_publisher-1]: process started with pid [2501]
1734190714.3200779 [INFO] [joint_state_publisher-2]: process started with pid [2503]
1734190714.3201637 [INFO] [joint_state_publisher_gui-3]: process started with pid [2505]
1734190714.3202362 [INFO] [rviz2-4]: process started with pid [2507]
1734190714.4349256 [joint_state_publisher-2] [INFO] [1734190714.434693017] [joint_state_publisher]: Waiting for robot_description to be published on the robot_description topic...
1734190714.4402232 [joint_state_publisher_gui-3] QStandardPaths: runtime directory '/tmp/runtime-ros2_ws' is not owned by UID 0, but a directory permissions 0755 owned by UID 1000 GID 1000
1734190714.4666634 [joint_state_publisher_gui-3] [INFO] [1734190714.466474978] [joint_state_publisher_gui]: Waiting for robot_description to be published on the robot_description topic...
1734190714.4736192 [joint_state_publisher_gui-3] [INFO] [1734190714.473385919] [joint_state_publisher_gui]: Centering
1734190714.5052047 [joint_state_publisher_gui-3] MESA: error: Failed to query drm device.
1734190714.5053020 [joint_state_publisher_gui-3] libGL error: glx: failed to create dri3 screen
1734190714.5053315 [joint_state_publisher_gui-3] libGL error: failed to load driver: iris
1734190714.5073414 [joint_state_publisher_gui-3] libGL error: failed to open /dev/dri/card1: No such file or directory
1734190714.5074222 [joint_state_publisher_gui-3] libGL error: failed to load driver: iris
1734190714.5309460 [joint_state_publisher_gui-3] [INFO] [1734190714.530761758] [joint_state_publisher_gui]: Centering
1734190726.4267952 [INFO] [joint_state_publisher_gui-3]: process has finished cleanly [pid 2505]
1734190727.7968748 [INFO] [rviz2-4]: process has finished cleanly [pid 2507]
1734190730.1640704 [WARNING] [launch]: user interrupted with ctrl-c (SIGINT)
1734190730.2758560 [INFO] [robot_state_publisher-1]: process has finished cleanly [pid 2501]
1734190730.3026698 [INFO] [joint_state_publisher-2]: process has finished cleanly [pid 2503]
