[0.012s] Invoking command in '/home/ros2_ws/build/puma560_description': CMAKE_PREFIX_PATH=/opt/ros/humble /usr/bin/cmake --build /home/ros2_ws/build/puma560_description -- -j16 -l16
[0.080s] -- Found ament_cmake: 1.3.10 (/opt/ros/humble/share/ament_cmake/cmake)
[0.185s] -- Found xacro: 2.0.8 (/opt/ros/humble/share/xacro/cmake)
[0.185s] -- Found urdf: 2.6.1 (/opt/ros/humble/share/urdf/cmake)
[0.216s] -- Found rviz2: 11.2.13 (/opt/ros/humble/share/rviz2/cmake)
[0.216s] -- Found ament_lint_auto: 0.12.11 (/opt/ros/humble/share/ament_lint_auto/cmake)
[0.264s] -- Added test 'flake8' to check Python code syntax and style conventions
[0.264s] -- Added test 'lint_cmake' to check CMake code style
[0.265s] -- Added test 'pep257' to check Python code against some of the docstring style conventions in PEP 257
[0.266s] -- Added test 'xmllint' to check XML markup files
[0.266s] -- Configuring done
[0.269s] -- Generating done
[0.269s] -- Build files have been written to: /home/ros2_ws/build/puma560_description
[0.288s] Invoked command in '/home/ros2_ws/build/puma560_description' returned '0': CMAKE_PREFIX_PATH=/opt/ros/humble /usr/bin/cmake --build /home/ros2_ws/build/puma560_description -- -j16 -l16
[0.306s] Invoking command in '/home/ros2_ws/build/puma560_description': CMAKE_PREFIX_PATH=/opt/ros/humble /usr/bin/cmake --install /home/ros2_ws/build/puma560_description
[0.313s] -- Install configuration: ""
[0.313s] -- Up-to-date: /home/ros2_ws/install/puma560_description/share/puma560_description/launch
[0.313s] -- Up-to-date: /home/ros2_ws/install/puma560_description/share/puma560_description/launch/gazebo.launch.py
[0.313s] -- Installing: /home/ros2_ws/install/puma560_description/share/puma560_description/launch/display.launch.py
[0.313s] -- Up-to-date: /home/ros2_ws/install/puma560_description/share/puma560_description/urdf
[0.313s] -- Up-to-date: /home/ros2_ws/install/puma560_description/share/puma560_description/urdf/material.xacro
[0.313s] -- Up-to-date: /home/ros2_ws/install/puma560_description/share/puma560_description/urdf/puma560_description.urdf.xacro
[0.313s] -- Up-to-date: /home/ros2_ws/install/puma560_description/share/puma560_description/urdf/description.txt
[0.313s] -- Up-to-date: /home/ros2_ws/install/puma560_description/share/puma560_description/config
[0.313s] -- Up-to-date: /home/ros2_ws/install/puma560_description/share/puma560_description/config/config.rviz
[0.313s] -- Up-to-date: /home/ros2_ws/install/puma560_description/share/puma560_description/meshes
[0.313s] -- Up-to-date: /home/ros2_ws/install/puma560_description/share/puma560_description/meshes/link_1.STL
[0.313s] -- Up-to-date: /home/ros2_ws/install/puma560_description/share/puma560_description/meshes/link_3.STL
[0.314s] -- Up-to-date: /home/ros2_ws/install/puma560_description/share/puma560_description/meshes/link_4.STL
[0.314s] -- Up-to-date: /home/ros2_ws/install/puma560_description/share/puma560_description/meshes/link_2.STL
[0.314s] -- Up-to-date: /home/ros2_ws/install/puma560_description/share/puma560_description/meshes/base_link.STL
[0.314s] -- Up-to-date: /home/ros2_ws/install/puma560_description/share/puma560_description/meshes/link_5.STL
[0.314s] -- Up-to-date: /home/ros2_ws/install/puma560_description/share/puma560_description/rviz2
[0.314s] -- Up-to-date: /home/ros2_ws/install/puma560_description/share/puma560_description/rviz2/puma560_config.rviz
[0.314s] -- Up-to-date: /home/ros2_ws/install/puma560_description/share/ament_index/resource_index/package_run_dependencies/puma560_description
[0.314s] -- Installing: /home/ros2_ws/install/puma560_description/share/ament_index/resource_index/parent_prefix_path/puma560_description
[0.314s] -- Up-to-date: /home/ros2_ws/install/puma560_description/share/puma560_description/environment/ament_prefix_path.sh
[0.314s] -- Installing: /home/ros2_ws/install/puma560_description/share/puma560_description/environment/ament_prefix_path.dsv
[0.314s] -- Up-to-date: /home/ros2_ws/install/puma560_description/share/puma560_description/environment/path.sh
[0.314s] -- Installing: /home/ros2_ws/install/puma560_description/share/puma560_description/environment/path.dsv
[0.314s] -- Up-to-date: /home/ros2_ws/install/puma560_description/share/puma560_description/local_setup.bash
[0.314s] -- Up-to-date: /home/ros2_ws/install/puma560_description/share/puma560_description/local_setup.sh
[0.314s] -- Up-to-date: /home/ros2_ws/install/puma560_description/share/puma560_description/local_setup.zsh
[0.314s] -- Installing: /home/ros2_ws/install/puma560_description/share/puma560_description/local_setup.dsv
[0.314s] -- Installing: /home/ros2_ws/install/puma560_description/share/puma560_description/package.dsv
[0.315s] -- Up-to-date: /home/ros2_ws/install/puma560_description/share/ament_index/resource_index/packages/puma560_description
[0.315s] -- Up-to-date: /home/ros2_ws/install/puma560_description/share/puma560_description/cmake/puma560_descriptionConfig.cmake
[0.315s] -- Up-to-date: /home/ros2_ws/install/puma560_description/share/puma560_description/cmake/puma560_descriptionConfig-version.cmake
[0.315s] -- Installing: /home/ros2_ws/install/puma560_description/share/puma560_description/package.xml
[0.316s] Invoked command in '/home/ros2_ws/build/puma560_description' returned '0': CMAKE_PREFIX_PATH=/opt/ros/humble /usr/bin/cmake --install /home/ros2_ws/build/puma560_description
