[0.013s] Invoking command in '/home/ros2_ws/build/robot_description': CMAKE_PREFIX_PATH=${CMAKE_PREFIX_PATH}:/opt/ros/humble /usr/bin/cmake /home/ros2_ws/src/robot_description -DCMAKE_INSTALL_PREFIX=/home/ros2_ws/install/robot_description
[0.099s] -- The C compiler identification is GNU 11.4.0
[0.184s] -- The CXX compiler identification is GNU 11.4.0
[0.196s] -- Detecting C compiler ABI info
[0.306s] -- Detecting C compiler ABI info - done
[0.318s] -- Check for working C compiler: /usr/bin/cc - skipped
[0.318s] -- Detecting C compile features
[0.319s] -- Detecting C compile features - done
[0.324s] -- Detecting CXX compiler ABI info
[0.457s] -- Detecting CXX compiler ABI info - done
[0.472s] -- Check for working CXX compiler: /usr/bin/c++ - skipped
[0.473s] -- Detecting CXX compile features
[0.474s] -- Detecting CXX compile features - done
[0.481s] -- Found ament_cmake: 1.3.10 (/opt/ros/humble/share/ament_cmake/cmake)
[0.734s] -- Found Python3: /usr/bin/python3 (found version "3.10.12") found components: Interpreter 
[0.871s] -- Found ament_lint_auto: 0.12.11 (/opt/ros/humble/share/ament_lint_auto/cmake)
[0.967s] -- Added test 'flake8' to check Python code syntax and style conventions
[0.968s] -- Added test 'lint_cmake' to check CMake code style
[0.969s] -- Added test 'pep257' to check Python code against some of the docstring style conventions in PEP 257
[0.970s] -- Added test 'xmllint' to check XML markup files
[0.971s] -- Configuring done
[0.975s] -- Generating done
[0.976s] -- Build files have been written to: /home/ros2_ws/build/robot_description
[0.984s] Invoked command in '/home/ros2_ws/build/robot_description' returned '0': CMAKE_PREFIX_PATH=${CMAKE_PREFIX_PATH}:/opt/ros/humble /usr/bin/cmake /home/ros2_ws/src/robot_description -DCMAKE_INSTALL_PREFIX=/home/ros2_ws/install/robot_description
[0.985s] Invoking command in '/home/ros2_ws/build/robot_description': CMAKE_PREFIX_PATH=${CMAKE_PREFIX_PATH}:/opt/ros/humble /usr/bin/cmake --build /home/ros2_ws/build/robot_description -- -j20 -l20
[1.046s] Invoked command in '/home/ros2_ws/build/robot_description' returned '0': CMAKE_PREFIX_PATH=${CMAKE_PREFIX_PATH}:/opt/ros/humble /usr/bin/cmake --build /home/ros2_ws/build/robot_description -- -j20 -l20
[1.093s] Invoking command in '/home/ros2_ws/build/robot_description': CMAKE_PREFIX_PATH=${CMAKE_PREFIX_PATH}:/opt/ros/humble /usr/bin/cmake --install /home/ros2_ws/build/robot_description
[1.103s] -- Install configuration: ""
[1.103s] -- Installing: /home/ros2_ws/install/robot_description/share/robot_description/launch
[1.104s] -- Installing: /home/ros2_ws/install/robot_description/share/robot_description/launch/display.launch.py
[1.104s] -- Installing: /home/ros2_ws/install/robot_description/share/robot_description/launch/display.launch.yaml
[1.104s] -- Installing: /home/ros2_ws/install/robot_description/share/robot_description/launch/test.py
[1.104s] -- Installing: /home/ros2_ws/install/robot_description/share/robot_description/urdf
[1.104s] -- Installing: /home/ros2_ws/install/robot_description/share/robot_description/urdf/robot_example.urdf
[1.104s] -- Installing: /home/ros2_ws/install/robot_description/share/robot_description/config
[1.104s] -- Installing: /home/ros2_ws/install/robot_description/share/robot_description/config/config.rviz
[1.104s] -- Installing: /home/ros2_ws/install/robot_description/share/ament_index/resource_index/package_run_dependencies/robot_description
[1.105s] -- Installing: /home/ros2_ws/install/robot_description/share/ament_index/resource_index/parent_prefix_path/robot_description
[1.105s] -- Installing: /home/ros2_ws/install/robot_description/share/robot_description/environment/ament_prefix_path.sh
[1.105s] -- Installing: /home/ros2_ws/install/robot_description/share/robot_description/environment/ament_prefix_path.dsv
[1.105s] -- Installing: /home/ros2_ws/install/robot_description/share/robot_description/environment/path.sh
[1.105s] -- Installing: /home/ros2_ws/install/robot_description/share/robot_description/environment/path.dsv
[1.105s] -- Installing: /home/ros2_ws/install/robot_description/share/robot_description/local_setup.bash
[1.105s] -- Installing: /home/ros2_ws/install/robot_description/share/robot_description/local_setup.sh
[1.106s] -- Installing: /home/ros2_ws/install/robot_description/share/robot_description/local_setup.zsh
[1.106s] -- Installing: /home/ros2_ws/install/robot_description/share/robot_description/local_setup.dsv
[1.106s] -- Installing: /home/ros2_ws/install/robot_description/share/robot_description/package.dsv
[1.106s] -- Installing: /home/ros2_ws/install/robot_description/share/ament_index/resource_index/packages/robot_description
[1.106s] -- Installing: /home/ros2_ws/install/robot_description/share/robot_description/cmake/robot_descriptionConfig.cmake
[1.106s] -- Installing: /home/ros2_ws/install/robot_description/share/robot_description/cmake/robot_descriptionConfig-version.cmake
[1.106s] -- Installing: /home/ros2_ws/install/robot_description/share/robot_description/package.xml
[1.109s] Invoked command in '/home/ros2_ws/build/robot_description' returned '0': CMAKE_PREFIX_PATH=${CMAKE_PREFIX_PATH}:/opt/ros/humble /usr/bin/cmake --install /home/ros2_ws/build/robot_description
