1734301040.2890556 [INFO] [launch]: All log files can be found below /home/ros2_ws/.ros/log/2024-12-15-19-17-20-288529-Lundi-254
1734301040.2891595 [INFO] [launch]: Default logging verbosity is set to INFO
1734301040.3944817 [INFO] [robot_state_publisher-1]: process started with pid [256]
1734301040.3946445 [INFO] [joint_state_publisher_gui-2]: process started with pid [258]
1734301040.3947361 [INFO] [rviz2-3]: process started with pid [260]
1734301047.9940519 [WARNING] [launch]: user interrupted with ctrl-c (SIGINT)
1734301048.0992527 [INFO] [robot_state_publisher-1]: process has finished cleanly [pid 256]
1734301052.6637144 [WARNING] [launch]: user interrupted with ctrl-c (SIGINT) again, ignoring...
1734301052.9966490 [ERROR] [rviz2-3]: process[rviz2-3] failed to terminate '5' seconds after receiving 'SIGINT', escalating to 'SIGTERM'
1734301052.9970863 [ERROR] [joint_state_publisher_gui-2]: process[joint_state_publisher_gui-2] failed to terminate '5' seconds after receiving 'SIGINT', escalating to 'SIGTERM'
1734301052.9973092 [INFO] [rviz2-3]: sending signal 'SIGTERM' to process[rviz2-3]
1734301052.9976976 [INFO] [joint_state_publisher_gui-2]: sending signal 'SIGTERM' to process[joint_state_publisher_gui-2]
1734301054.0021954 [WARNING] [launch]: user interrupted with ctrl-c (SIGINT) again, ignoring...
1734301054.8266551 [WARNING] [launch]: user interrupted with ctrl-c (SIGINT) again, ignoring...
1734301055.5131855 [WARNING] [launch]: user interrupted with ctrl-c (SIGINT) again, ignoring...
1734301055.8460274 [WARNING] [launch]: user interrupted with ctrl-c (SIGINT) again, ignoring...
1734301056.1458328 [WARNING] [launch]: user interrupted with ctrl-c (SIGINT) again, ignoring...
1734301056.3888910 [WARNING] [launch]: user interrupted with ctrl-c (SIGINT) again, ignoring...
1734301056.6272202 [WARNING] [launch]: user interrupted with ctrl-c (SIGINT) again, ignoring...
1734301056.8535964 [WARNING] [launch]: user interrupted with ctrl-c (SIGINT) again, ignoring...
1734301057.1144848 [WARNING] [launch]: user interrupted with ctrl-c (SIGINT) again, ignoring...
1734301057.3405120 [WARNING] [launch]: user interrupted with ctrl-c (SIGINT) again, ignoring...
1734301057.5826483 [WARNING] [launch]: user interrupted with ctrl-c (SIGINT) again, ignoring...
1734301057.8381405 [WARNING] [launch]: user interrupted with ctrl-c (SIGINT) again, ignoring...
1734301057.9960070 [ERROR] [rviz2-3]: process[rviz2-3] failed to terminate '10.0' seconds after receiving 'SIGTERM', escalating to 'SIGKILL'
1734301057.9962931 [ERROR] [joint_state_publisher_gui-2]: process[joint_state_publisher_gui-2] failed to terminate '10.0' seconds after receiving 'SIGTERM', escalating to 'SIGKILL'
1734301057.9964325 [INFO] [rviz2-3]: sending signal 'SIGKILL' to process[rviz2-3]
1734301057.9966624 [INFO] [joint_state_publisher_gui-2]: sending signal 'SIGKILL' to process[joint_state_publisher_gui-2]
1734301059.9565189 [WARNING] [launch]: user interrupted with ctrl-c (SIGINT) again, ignoring...
1734301060.7065382 [WARNING] [launch]: user interrupted with ctrl-c (SIGINT) again, ignoring...
1734301061.0738451 [WARNING] [launch]: user interrupted with ctrl-c (SIGINT) again, ignoring...
1734301061.3552341 [WARNING] [launch]: user interrupted with ctrl-c (SIGINT) again, ignoring...
1734301061.5842166 [WARNING] [launch]: user interrupted with ctrl-c (SIGINT) again, ignoring...
1734301092.2590342 [WARNING] [launch]: user interrupted with ctrl-c (SIGINT) again, ignoring...
1734301092.7968655 [WARNING] [launch]: user interrupted with ctrl-c (SIGINT) again, ignoring...
1734301093.0551376 [WARNING] [launch]: user interrupted with ctrl-c (SIGINT) again, ignoring...
1734301093.2396476 [WARNING] [launch]: user interrupted with ctrl-c (SIGINT) again, ignoring...
1734301093.4169111 [WARNING] [launch]: user interrupted with ctrl-c (SIGINT) again, ignoring...
