[0.009s] Invoking command in '/home/ros2_ws/build/cocoabot_description': CMAKE_PREFIX_PATH=/opt/ros/humble /usr/bin/cmake --build /home/ros2_ws/build/cocoabot_description -- -j16 -l16
[0.100s] Invoked command in '/home/ros2_ws/build/cocoabot_description' returned '0': CMAKE_PREFIX_PATH=/opt/ros/humble /usr/bin/cmake --build /home/ros2_ws/build/cocoabot_description -- -j16 -l16
[0.147s] Invoking command in '/home/ros2_ws/build/cocoabot_description': CMAKE_PREFIX_PATH=/opt/ros/humble /usr/bin/cmake --install /home/ros2_ws/build/cocoabot_description
[0.158s] -- Install configuration: ""
[0.159s] -- Up-to-date: /home/ros2_ws/install/cocoabot_description/share/cocoabot_description/launch
[0.159s] -- Up-to-date: /home/ros2_ws/install/cocoabot_description/share/cocoabot_description/launch/gazebo.launch.py
[0.159s] -- Up-to-date: /home/ros2_ws/install/cocoabot_description/share/cocoabot_description/launch/display.launch.py
[0.159s] -- Up-to-date: /home/ros2_ws/install/cocoabot_description/share/cocoabot_description/urdf
[0.159s] -- Up-to-date: /home/ros2_ws/install/cocoabot_description/share/cocoabot_description/urdf/material.xacro
[0.159s] -- Up-to-date: /home/ros2_ws/install/cocoabot_description/share/cocoabot_description/urdf/description.txt
[0.159s] -- Up-to-date: /home/ros2_ws/install/cocoabot_description/share/cocoabot_description/urdf/cocoabot_description.urdf.xacro
[0.159s] -- Up-to-date: /home/ros2_ws/install/cocoabot_description/share/cocoabot_description/config
[0.159s] -- Up-to-date: /home/ros2_ws/install/cocoabot_description/share/cocoabot_description/config/config.rviz
[0.160s] -- Up-to-date: /home/ros2_ws/install/cocoabot_description/share/cocoabot_description/meshes
[0.160s] -- Installing: /home/ros2_ws/install/cocoabot_description/share/cocoabot_description/meshes/lamina_link.STL
[0.160s] -- Installing: /home/ros2_ws/install/cocoabot_description/share/cocoabot_description/meshes/prism_link.STL
[0.160s] -- Installing: /home/ros2_ws/install/cocoabot_description/share/cocoabot_description/meshes/base_link.STL
[0.161s] -- Installing: /home/ros2_ws/install/cocoabot_description/share/cocoabot_description/meshes/rot_link.STL
[0.163s] -- Installing: /home/ros2_ws/install/cocoabot_description/share/cocoabot_description/meshes/plat_link.STL
[0.166s] -- Up-to-date: /home/ros2_ws/install/cocoabot_description/share/cocoabot_description/rviz2
[0.166s] -- Up-to-date: /home/ros2_ws/install/cocoabot_description/share/cocoabot_description/rviz2/cocoabot_config.rviz
[0.166s] -- Up-to-date: /home/ros2_ws/install/cocoabot_description/share/ament_index/resource_index/package_run_dependencies/cocoabot_description
[0.166s] -- Up-to-date: /home/ros2_ws/install/cocoabot_description/share/ament_index/resource_index/parent_prefix_path/cocoabot_description
[0.167s] -- Up-to-date: /home/ros2_ws/install/cocoabot_description/share/cocoabot_description/environment/ament_prefix_path.sh
[0.167s] -- Up-to-date: /home/ros2_ws/install/cocoabot_description/share/cocoabot_description/environment/ament_prefix_path.dsv
[0.167s] -- Up-to-date: /home/ros2_ws/install/cocoabot_description/share/cocoabot_description/environment/path.sh
[0.167s] -- Up-to-date: /home/ros2_ws/install/cocoabot_description/share/cocoabot_description/environment/path.dsv
[0.167s] -- Up-to-date: /home/ros2_ws/install/cocoabot_description/share/cocoabot_description/local_setup.bash
[0.167s] -- Up-to-date: /home/ros2_ws/install/cocoabot_description/share/cocoabot_description/local_setup.sh
[0.167s] -- Up-to-date: /home/ros2_ws/install/cocoabot_description/share/cocoabot_description/local_setup.zsh
[0.167s] -- Up-to-date: /home/ros2_ws/install/cocoabot_description/share/cocoabot_description/local_setup.dsv
[0.167s] -- Installing: /home/ros2_ws/install/cocoabot_description/share/cocoabot_description/package.dsv
[0.168s] -- Up-to-date: /home/ros2_ws/install/cocoabot_description/share/ament_index/resource_index/packages/cocoabot_description
[0.168s] -- Up-to-date: /home/ros2_ws/install/cocoabot_description/share/cocoabot_description/cmake/cocoabot_descriptionConfig.cmake
[0.168s] -- Up-to-date: /home/ros2_ws/install/cocoabot_description/share/cocoabot_description/cmake/cocoabot_descriptionConfig-version.cmake
[0.168s] -- Up-to-date: /home/ros2_ws/install/cocoabot_description/share/cocoabot_description/package.xml
[0.170s] Invoked command in '/home/ros2_ws/build/cocoabot_description' returned '0': CMAKE_PREFIX_PATH=/opt/ros/humble /usr/bin/cmake --install /home/ros2_ws/build/cocoabot_description
