[0.000000] (-) TimerEvent: {}
[0.000140] (cocoabot_description) JobQueued: {'identifier': 'cocoabot_description', 'dependencies': OrderedDict()}
[0.000365] (cocoabot_description) JobStarted: {'identifier': 'cocoabot_description'}
[0.005590] (cocoabot_description) JobProgress: {'identifier': 'cocoabot_description', 'progress': 'cmake'}
[0.005861] (cocoabot_description) JobProgress: {'identifier': 'cocoabot_description', 'progress': 'build'}
[0.006231] (cocoabot_description) Command: {'cmd': ['/usr/bin/cmake', '--build', '/home/ros2_ws/build/cocoabot_description', '--', '-j16', '-l16'], 'cwd': '/home/ros2_ws/build/cocoabot_description', 'env': OrderedDict([('HOSTNAME', 'Lundi'), ('SHLVL', '1'), ('LD_LIBRARY_PATH', '/opt/ros/humble/opt/rviz_ogre_vendor/lib:/opt/ros/humble/lib/x86_64-linux-gnu:/opt/ros/humble/lib'), ('HOME', '/home/ros2_ws'), ('ROS_PYTHON_VERSION', '3'), ('COLCON_PREFIX_PATH', '/home/ros2_ws/install'), ('ROS_DISTRO', 'humble'), ('_', '/usr/bin/colcon'), ('ROS_VERSION', '2'), ('TERM', 'xterm'), ('ROS_LOCALHOST_ONLY', '0'), ('QT_X11_NO_MITSHM', '1'), ('PATH', '/opt/ros/humble/bin:/usr/local/sbin:/usr/local/bin:/usr/sbin:/usr/bin:/sbin:/bin'), ('XDG_RUNTIME_DIR', '/tmp/runtime-ros2_ws'), ('DISPLAY', ':1'), ('LANG', 'C.UTF-8'), ('AMENT_PREFIX_PATH', '/home/ros2_ws/install/cocoabot_description:/opt/ros/humble'), ('PWD', '/home/ros2_ws/build/cocoabot_description'), ('LC_ALL', 'C.UTF-8'), ('GAZEBO_PLUGIN_PATH', '/usr/lib/x86_64-linux-gnu/gazebo-11/plugins:'), ('PYTHONPATH', '/opt/ros/humble/lib/python3.10/site-packages:/opt/ros/humble/local/lib/python3.10/dist-packages'), ('TZ', 'America/Sao_Paulo'), ('COLCON', '1'), ('CMAKE_PREFIX_PATH', '/home/ros2_ws/install/cocoabot_description:/opt/ros/humble')]), 'shell': False}
[0.033543] (cocoabot_description) CommandEnded: {'returncode': 0}
[0.051803] (cocoabot_description) JobProgress: {'identifier': 'cocoabot_description', 'progress': 'install'}
[0.058544] (cocoabot_description) Command: {'cmd': ['/usr/bin/cmake', '--install', '/home/ros2_ws/build/cocoabot_description'], 'cwd': '/home/ros2_ws/build/cocoabot_description', 'env': OrderedDict([('HOSTNAME', 'Lundi'), ('SHLVL', '1'), ('LD_LIBRARY_PATH', '/opt/ros/humble/opt/rviz_ogre_vendor/lib:/opt/ros/humble/lib/x86_64-linux-gnu:/opt/ros/humble/lib'), ('HOME', '/home/ros2_ws'), ('ROS_PYTHON_VERSION', '3'), ('COLCON_PREFIX_PATH', '/home/ros2_ws/install'), ('ROS_DISTRO', 'humble'), ('_', '/usr/bin/colcon'), ('ROS_VERSION', '2'), ('TERM', 'xterm'), ('ROS_LOCALHOST_ONLY', '0'), ('QT_X11_NO_MITSHM', '1'), ('PATH', '/opt/ros/humble/bin:/usr/local/sbin:/usr/local/bin:/usr/sbin:/usr/bin:/sbin:/bin'), ('XDG_RUNTIME_DIR', '/tmp/runtime-ros2_ws'), ('DISPLAY', ':1'), ('LANG', 'C.UTF-8'), ('AMENT_PREFIX_PATH', '/home/ros2_ws/install/cocoabot_description:/opt/ros/humble'), ('PWD', '/home/ros2_ws/build/cocoabot_description'), ('LC_ALL', 'C.UTF-8'), ('GAZEBO_PLUGIN_PATH', '/usr/lib/x86_64-linux-gnu/gazebo-11/plugins:'), ('PYTHONPATH', '/opt/ros/humble/lib/python3.10/site-packages:/opt/ros/humble/local/lib/python3.10/dist-packages'), ('TZ', 'America/Sao_Paulo'), ('COLCON', '1'), ('CMAKE_PREFIX_PATH', '/home/ros2_ws/install/cocoabot_description:/opt/ros/humble')]), 'shell': False}
[0.065165] (cocoabot_description) StdoutLine: {'line': b'-- Install configuration: ""\n'}
[0.065293] (cocoabot_description) StdoutLine: {'line': b'-- Up-to-date: /home/ros2_ws/install/cocoabot_description/share/cocoabot_description/launch\n'}
[0.065349] (cocoabot_description) StdoutLine: {'line': b'-- Up-to-date: /home/ros2_ws/install/cocoabot_description/share/cocoabot_description/launch/gazebo.launch.py\n'}
[0.065392] (cocoabot_description) StdoutLine: {'line': b'-- Up-to-date: /home/ros2_ws/install/cocoabot_description/share/cocoabot_description/launch/display.launch.py\n'}
[0.065433] (cocoabot_description) StdoutLine: {'line': b'-- Up-to-date: /home/ros2_ws/install/cocoabot_description/share/cocoabot_description/urdf\n'}
[0.065519] (cocoabot_description) StdoutLine: {'line': b'-- Up-to-date: /home/ros2_ws/install/cocoabot_description/share/cocoabot_description/urdf/material.xacro\n'}
[0.065572] (cocoabot_description) StdoutLine: {'line': b'-- Up-to-date: /home/ros2_ws/install/cocoabot_description/share/cocoabot_description/urdf/description.txt\n'}
[0.065614] (cocoabot_description) StdoutLine: {'line': b'-- Installing: /home/ros2_ws/install/cocoabot_description/share/cocoabot_description/urdf/cocoabot_description.urdf.xacro\n'}
[0.065655] (cocoabot_description) StdoutLine: {'line': b'-- Up-to-date: /home/ros2_ws/install/cocoabot_description/share/cocoabot_description/config\n'}
[0.065695] (cocoabot_description) StdoutLine: {'line': b'-- Up-to-date: /home/ros2_ws/install/cocoabot_description/share/cocoabot_description/config/config.rviz\n'}
[0.065734] (cocoabot_description) StdoutLine: {'line': b'-- Up-to-date: /home/ros2_ws/install/cocoabot_description/share/cocoabot_description/meshes\n'}
[0.065798] (cocoabot_description) StdoutLine: {'line': b'-- Up-to-date: /home/ros2_ws/install/cocoabot_description/share/cocoabot_description/meshes/lamina_link.STL\n'}
[0.065894] (cocoabot_description) StdoutLine: {'line': b'-- Up-to-date: /home/ros2_ws/install/cocoabot_description/share/cocoabot_description/meshes/prism_link.STL\n'}
[0.065940] (cocoabot_description) StdoutLine: {'line': b'-- Up-to-date: /home/ros2_ws/install/cocoabot_description/share/cocoabot_description/meshes/base_link.STL\n'}
[0.065978] (cocoabot_description) StdoutLine: {'line': b'-- Up-to-date: /home/ros2_ws/install/cocoabot_description/share/cocoabot_description/meshes/rot_link.STL\n'}
[0.066016] (cocoabot_description) StdoutLine: {'line': b'-- Up-to-date: /home/ros2_ws/install/cocoabot_description/share/cocoabot_description/meshes/plat_link.STL\n'}
[0.066054] (cocoabot_description) StdoutLine: {'line': b'-- Up-to-date: /home/ros2_ws/install/cocoabot_description/share/cocoabot_description/rviz2\n'}
[0.066091] (cocoabot_description) StdoutLine: {'line': b'-- Up-to-date: /home/ros2_ws/install/cocoabot_description/share/cocoabot_description/rviz2/cocoabot_config.rviz\n'}
[0.066128] (cocoabot_description) StdoutLine: {'line': b'-- Up-to-date: /home/ros2_ws/install/cocoabot_description/share/ament_index/resource_index/package_run_dependencies/cocoabot_description\n'}
[0.066166] (cocoabot_description) StdoutLine: {'line': b'-- Up-to-date: /home/ros2_ws/install/cocoabot_description/share/ament_index/resource_index/parent_prefix_path/cocoabot_description\n'}
[0.066224] (cocoabot_description) StdoutLine: {'line': b'-- Up-to-date: /home/ros2_ws/install/cocoabot_description/share/cocoabot_description/environment/ament_prefix_path.sh\n'}
[0.066311] (cocoabot_description) StdoutLine: {'line': b'-- Up-to-date: /home/ros2_ws/install/cocoabot_description/share/cocoabot_description/environment/ament_prefix_path.dsv\n'}
[0.066349] (cocoabot_description) StdoutLine: {'line': b'-- Up-to-date: /home/ros2_ws/install/cocoabot_description/share/cocoabot_description/environment/path.sh\n'}
[0.066385] (cocoabot_description) StdoutLine: {'line': b'-- Up-to-date: /home/ros2_ws/install/cocoabot_description/share/cocoabot_description/environment/path.dsv\n'}
[0.066425] (cocoabot_description) StdoutLine: {'line': b'-- Up-to-date: /home/ros2_ws/install/cocoabot_description/share/cocoabot_description/local_setup.bash\n'}
[0.066462] (cocoabot_description) StdoutLine: {'line': b'-- Up-to-date: /home/ros2_ws/install/cocoabot_description/share/cocoabot_description/local_setup.sh\n'}
[0.066499] (cocoabot_description) StdoutLine: {'line': b'-- Up-to-date: /home/ros2_ws/install/cocoabot_description/share/cocoabot_description/local_setup.zsh\n'}
[0.066536] (cocoabot_description) StdoutLine: {'line': b'-- Up-to-date: /home/ros2_ws/install/cocoabot_description/share/cocoabot_description/local_setup.dsv\n'}
[0.066606] (cocoabot_description) StdoutLine: {'line': b'-- Installing: /home/ros2_ws/install/cocoabot_description/share/cocoabot_description/package.dsv\n'}
[0.066641] (cocoabot_description) StdoutLine: {'line': b'-- Up-to-date: /home/ros2_ws/install/cocoabot_description/share/ament_index/resource_index/packages/cocoabot_description\n'}
[0.066674] (cocoabot_description) StdoutLine: {'line': b'-- Up-to-date: /home/ros2_ws/install/cocoabot_description/share/cocoabot_description/cmake/cocoabot_descriptionConfig.cmake\n'}
[0.066715] (cocoabot_description) StdoutLine: {'line': b'-- Up-to-date: /home/ros2_ws/install/cocoabot_description/share/cocoabot_description/cmake/cocoabot_descriptionConfig-version.cmake\n'}
[0.066749] (cocoabot_description) StdoutLine: {'line': b'-- Up-to-date: /home/ros2_ws/install/cocoabot_description/share/cocoabot_description/package.xml\n'}
[0.067857] (cocoabot_description) CommandEnded: {'returncode': 0}
[0.097537] (cocoabot_description) JobEnded: {'identifier': 'cocoabot_description', 'rc': 0}
[0.097845] (-) EventReactorShutdown: {}
