(2024-12-15T16:08:39.446724801) (2024-12-15T16:08:39.446744304) [Msg] Ignition Gazebo Server v6.16.0
(2024-12-15T16:08:39.452693552) (2024-12-15T16:08:39.452716399) [Msg] Loading SDF world file[/usr/share/ignition/ignition-gazebo6/worlds/empty.sdf].
(2024-12-15T16:08:39.504328995) (2024-12-15T16:08:39.504333694) [Msg] Serving entity system service on [/entity/system/add]
(2024-12-15T16:08:39.544264469) (2024-12-15T16:08:39.544271031) [Dbg] [Physics.cc:804] Loaded [ignition::physics::dartsim::Plugin] from library [/usr/lib/x86_64-linux-gnu/ign-physics-5/engine-plugins/libignition-physics-dartsim-plugin.so]
(2024-12-15T16:08:39.544312980) (2024-12-15T16:08:39.544315179) [Dbg] [SystemManager.cc:70] Loaded system [gz::sim::systems::Physics] for entity [1]
(2024-12-15T16:08:39.546915529) (2024-12-15T16:08:39.546920326) [Msg] Create service on [/world/empty/create]
(2024-12-15T16:08:39.546975788) (2024-12-15T16:08:39.546978049) [Msg] Remove service on [/world/empty/remove]
(2024-12-15T16:08:39.547019543) (2024-12-15T16:08:39.547021721) [Msg] Pose service on [/world/empty/set_pose]
(2024-12-15T16:08:39.547054132) (2024-12-15T16:08:39.547056234) [Msg] Pose service on [/world/empty/set_pose_vector]
(2024-12-15T16:08:39.547118331) (2024-12-15T16:08:39.547120540) [Msg] Light configuration service on [/world/empty/light_config]
(2024-12-15T16:08:39.547195420) (2024-12-15T16:08:39.547197695) [Msg] Physics service on [/world/empty/set_physics]
(2024-12-15T16:08:39.547238243) (2024-12-15T16:08:39.547240432) [Msg] SphericalCoordinates service on [/world/empty/set_spherical_coordinates]
(2024-12-15T16:08:39.547263767) (2024-12-15T16:08:39.547265858) [Msg] Enable collision service on [/world/empty/enable_collision]
(2024-12-15T16:08:39.547290216) (2024-12-15T16:08:39.547292335) [Msg] Disable collision service on [/world/empty/disable_collision]
(2024-12-15T16:08:39.547360999) (2024-12-15T16:08:39.547363331) [Msg] Material service on [/world/empty/visual_config]
(2024-12-15T16:08:39.547401685) (2024-12-15T16:08:39.547403827) [Msg] Material service on [/world/empty/wheel_slip]
(2024-12-15T16:08:39.547418182) (2024-12-15T16:08:39.547420263) [Dbg] [SystemManager.cc:70] Loaded system [gz::sim::systems::UserCommands] for entity [1]
(2024-12-15T16:08:39.549674903) (2024-12-15T16:08:39.549678620) [Dbg] [SystemManager.cc:70] Loaded system [gz::sim::systems::SceneBroadcaster] for entity [1]
(2024-12-15T16:08:39.551054981) (2024-12-15T16:08:39.551058570) [Dbg] [SystemManager.cc:70] Loaded system [gz::sim::systems::Contact] for entity [1]
(2024-12-15T16:08:39.551276425) (2024-12-15T16:08:39.551279509) [Msg] Loaded level [3]
(2024-12-15T16:08:39.551424148) (2024-12-15T16:08:39.551427024) [Msg] Serving world controls on [/world/empty/control], [/world/empty/control/state] and [/world/empty/playback/control]
(2024-12-15T16:08:39.551470921) (2024-12-15T16:08:39.551473040) [Msg] Serving GUI information on [/world/empty/gui/info]
(2024-12-15T16:08:39.551483964) (2024-12-15T16:08:39.551486011) [Msg] World [empty] initialized with [1ms] physics profile.
(2024-12-15T16:08:39.551541589) (2024-12-15T16:08:39.551543770) [Msg] Serving world SDF generation service on [/world/empty/generate_world_sdf]
(2024-12-15T16:08:39.551579977) (2024-12-15T16:08:39.551582058) [Msg] Serving world names on [/gazebo/worlds]
(2024-12-15T16:08:39.551605218) (2024-12-15T16:08:39.551607270) [Msg] Resource path add service on [/gazebo/resource_paths/add].
(2024-12-15T16:08:39.551629324) (2024-12-15T16:08:39.551631356) [Msg] Resource path get service on [/gazebo/resource_paths/get].
(2024-12-15T16:08:39.551653275) (2024-12-15T16:08:39.551655316) [Msg] Resource path resolve service on [/gazebo/resource_paths/resolve].
(2024-12-15T16:08:39.551689728) (2024-12-15T16:08:39.551691785) [Msg] Resource paths published on [/gazebo/resource_paths].
(2024-12-15T16:08:39.551729969) (2024-12-15T16:08:39.551732092) [Msg] Server control service on [/server_control].
(2024-12-15T16:08:41.344713731) (2024-12-15T16:08:41.344725411) [Msg] Found no publishers on /stats, adding root stats topic
(2024-12-15T16:08:41.344970043) (2024-12-15T16:08:41.344986996) [Msg] Found no publishers on /clock, adding root clock topic
(2024-12-15T16:08:41.345125540) (2024-12-15T16:08:41.345130408) [Dbg] [SimulationRunner.cc:496] Creating PostUpdate worker threads: 3
(2024-12-15T16:08:41.345147923) (2024-12-15T16:08:41.345151412) [Dbg] [SimulationRunner.cc:507] Creating postupdate worker thread (0)
(2024-12-15T16:08:41.345238846) (2024-12-15T16:08:41.345242412) [Dbg] [SimulationRunner.cc:507] Creating postupdate worker thread (1)
(2024-12-15T16:08:41.381323177) (2024-12-15T16:08:41.381328665) [Dbg] [UserCommands.cc:1303] Created entity [10] named [cocoabot]
(2024-12-15T16:08:41.390426657) (2024-12-15T16:08:41.390432106) [Msg] Serving scene information on [/world/empty/scene/info]
(2024-12-15T16:08:41.390470225) (2024-12-15T16:08:41.390472436) [Msg] Serving graph information on [/world/empty/scene/graph]
(2024-12-15T16:08:41.390538327) (2024-12-15T16:08:41.390540605) [Msg] Serving full state on [/world/empty/state]
(2024-12-15T16:08:41.390564880) (2024-12-15T16:08:41.390567044) [Msg] Serving full state (async) on [/world/empty/state_async]
(2024-12-15T16:08:41.390600985) (2024-12-15T16:08:41.390603184) [Msg] Publishing scene information on [/world/empty/scene/info]
(2024-12-15T16:08:41.390635977) (2024-12-15T16:08:41.390638082) [Msg] Publishing entity deletions on [/world/empty/scene/deletion]
(2024-12-15T16:08:41.390658229) (2024-12-15T16:08:41.390660308) [Msg] Publishing state changes on [/world/empty/state]
(2024-12-15T16:08:41.390685338) (2024-12-15T16:08:41.390687417) [Msg] Publishing pose messages on [/world/empty/pose/info]
(2024-12-15T16:08:41.390711977) (2024-12-15T16:08:41.390714000) [Msg] Publishing dynamic pose messages on [/world/empty/dynamic_pose/info]
(2024-12-15T16:08:41.390989831) (2024-12-15T16:08:41.390994016) [Dbg] [EntityComponentManager.cc:1623] Updated state thread iterators: 16 threads processing around 2 entities each.
(2024-12-15T16:08:41.391357173) (2024-12-15T16:08:41.391367475) [Wrn] [Component.hh:144] Trying to serialize component with data type [N3sdf3v125WorldE], which doesn't have `operator<<`. Component will not be serialized.
(2024-12-15T16:09:00.532166884) (2024-12-15T16:09:00.532174827) [Dbg] [SignalHandler.cc:141] Received signal[2].
(2024-12-15T16:09:00.532192359) (2024-12-15T16:09:00.532195399) [Dbg] [ServerPrivate.cc:110] Server received signal[2]
(2024-12-15T16:09:00.533046764) (2024-12-15T16:09:00.533050425) [Dbg] [gz.cc:410] Shutting down ign-gazebo-server
(2024-12-15T16:09:00.534779632) (2024-12-15T16:09:00.534785747) [Dbg] [SimulationRunner.cc:523] Exiting postupdate worker thread (1)
(2024-12-15T16:09:00.534825400) (2024-12-15T16:09:00.534835207) [Dbg] [SimulationRunner.cc:523] Exiting postupdate worker thread (0)
