1734186689.5849495 [INFO] [launch]: All log files can be found below /home/ros2_ws/.ros/log/2024-12-14-11-31-29-584535-Lundi-1192
1734186689.5850389 [INFO] [launch]: Default logging verbosity is set to INFO
1734186689.6354761 [INFO] [robot_state_publisher-1]: process started with pid [1193]
1734186689.6356003 [INFO] [joint_state_publisher-2]: process started with pid [1195]
1734186689.6356442 [INFO] [joint_state_publisher_gui-3]: process started with pid [1197]
1734186689.6356764 [INFO] [rviz2-4]: process started with pid [1199]
1734186689.7510035 [joint_state_publisher-2] [INFO] [1734186689.750785892] [joint_state_publisher]: Waiting for robot_description to be published on the robot_description topic...
1734186689.7526352 [joint_state_publisher_gui-3] QStandardPaths: runtime directory '/tmp/runtime-ros2_ws' is not owned by UID 0, but a directory permissions 0755 owned by UID 1000 GID 1000
1734186689.7788737 [joint_state_publisher_gui-3] [INFO] [1734186689.778693629] [joint_state_publisher_gui]: Waiting for robot_description to be published on the robot_description topic...
1734186689.7856977 [joint_state_publisher_gui-3] [INFO] [1734186689.785471230] [joint_state_publisher_gui]: Centering
1734186689.8125014 [joint_state_publisher_gui-3] MESA: error: Failed to query drm device.
1734186689.8126147 [joint_state_publisher_gui-3] libGL error: glx: failed to create dri3 screen
1734186689.8126602 [joint_state_publisher_gui-3] libGL error: failed to load driver: iris
1734186689.8140326 [joint_state_publisher_gui-3] libGL error: failed to open /dev/dri/card1: No such file or directory
1734186689.8140759 [joint_state_publisher_gui-3] libGL error: failed to load driver: iris
1734186689.8783433 [joint_state_publisher_gui-3] [INFO] [1734186689.878145934] [joint_state_publisher_gui]: Centering
1734186770.3249068 [INFO] [rviz2-4]: process has finished cleanly [pid 1199]
1734186774.1329741 [INFO] [joint_state_publisher_gui-3]: process has finished cleanly [pid 1197]
1734186777.3494368 [WARNING] [launch]: user interrupted with ctrl-c (SIGINT)
1734186777.4595129 [INFO] [robot_state_publisher-1]: process has finished cleanly [pid 1193]
1734186777.4804599 [INFO] [joint_state_publisher-2]: process has finished cleanly [pid 1195]
