[0.006s] Invoking command in '/home/ros2_ws/build/cocoabot_description': CMAKE_PREFIX_PATH=${CMAKE_PREFIX_PATH}:/opt/ros/humble /usr/bin/cmake /home/ros2_ws/src/cocoabot_description -DCMAKE_INSTALL_PREFIX=/home/ros2_ws/install/cocoabot_description
[0.106s] -- The C compiler identification is GNU 11.4.0
[0.213s] -- The CXX compiler identification is GNU 11.4.0
[0.222s] -- Detecting C compiler ABI info
[0.283s] -- Detecting C compiler ABI info - done
[0.290s] -- Check for working C compiler: /usr/bin/cc - skipped
[0.290s] -- Detecting C compile features
[0.291s] -- Detecting C compile features - done
[0.294s] -- Detecting CXX compiler ABI info
[0.366s] -- Detecting CXX compiler ABI info - done
[0.372s] -- Check for working CXX compiler: /usr/bin/c++ - skipped
[0.372s] -- Detecting CXX compile features
[0.372s] -- Detecting CXX compile features - done
[0.377s] -- Found ament_cmake: 1.3.10 (/opt/ros/humble/share/ament_cmake/cmake)
[0.485s] -- Found Python3: /usr/bin/python3 (found version "3.10.12") found components: Interpreter 
[0.556s] -- Found xacro: 2.0.8 (/opt/ros/humble/share/xacro/cmake)
[0.559s] -- Found urdf: 2.6.1 (/opt/ros/humble/share/urdf/cmake)
[0.611s] -- Found rviz2: 11.2.13 (/opt/ros/humble/share/rviz2/cmake)
[0.612s] -- Found ament_lint_auto: 0.12.11 (/opt/ros/humble/share/ament_lint_auto/cmake)
[0.669s] -- Added test 'flake8' to check Python code syntax and style conventions
[0.669s] -- Added test 'lint_cmake' to check CMake code style
[0.669s] -- Added test 'pep257' to check Python code against some of the docstring style conventions in PEP 257
[0.670s] -- Added test 'xmllint' to check XML markup files
[0.671s] -- Configuring done
[0.673s] -- Generating done
[0.673s] -- Build files have been written to: /home/ros2_ws/build/cocoabot_description
[0.677s] Invoked command in '/home/ros2_ws/build/cocoabot_description' returned '0': CMAKE_PREFIX_PATH=${CMAKE_PREFIX_PATH}:/opt/ros/humble /usr/bin/cmake /home/ros2_ws/src/cocoabot_description -DCMAKE_INSTALL_PREFIX=/home/ros2_ws/install/cocoabot_description
[0.677s] Invoking command in '/home/ros2_ws/build/cocoabot_description': CMAKE_PREFIX_PATH=${CMAKE_PREFIX_PATH}:/opt/ros/humble /usr/bin/cmake --build /home/ros2_ws/build/cocoabot_description -- -j16 -l16
[0.709s] Invoked command in '/home/ros2_ws/build/cocoabot_description' returned '0': CMAKE_PREFIX_PATH=${CMAKE_PREFIX_PATH}:/opt/ros/humble /usr/bin/cmake --build /home/ros2_ws/build/cocoabot_description -- -j16 -l16
[0.736s] Invoking command in '/home/ros2_ws/build/cocoabot_description': CMAKE_PREFIX_PATH=${CMAKE_PREFIX_PATH}:/opt/ros/humble /usr/bin/cmake --install /home/ros2_ws/build/cocoabot_description
[0.741s] -- Install configuration: ""
[0.741s] -- Installing: /home/ros2_ws/install/cocoabot_description/share/cocoabot_description/launch
[0.742s] -- Installing: /home/ros2_ws/install/cocoabot_description/share/cocoabot_description/launch/gazebo.launch.py
[0.742s] -- Installing: /home/ros2_ws/install/cocoabot_description/share/cocoabot_description/launch/display.launch.py
[0.742s] -- Installing: /home/ros2_ws/install/cocoabot_description/share/cocoabot_description/urdf
[0.742s] -- Installing: /home/ros2_ws/install/cocoabot_description/share/cocoabot_description/urdf/material.xacro
[0.742s] -- Installing: /home/ros2_ws/install/cocoabot_description/share/cocoabot_description/urdf/description.txt
[0.742s] -- Installing: /home/ros2_ws/install/cocoabot_description/share/cocoabot_description/urdf/cocoabot_description.urdf.xacro
[0.742s] -- Installing: /home/ros2_ws/install/cocoabot_description/share/cocoabot_description/config
[0.742s] -- Installing: /home/ros2_ws/install/cocoabot_description/share/cocoabot_description/config/config.rviz
[0.742s] -- Installing: /home/ros2_ws/install/cocoabot_description/share/cocoabot_description/meshes
[0.742s] -- Installing: /home/ros2_ws/install/cocoabot_description/share/cocoabot_description/meshes/link_1.STL
[0.742s] -- Installing: /home/ros2_ws/install/cocoabot_description/share/cocoabot_description/meshes/link_3.STL
[0.742s] -- Installing: /home/ros2_ws/install/cocoabot_description/share/cocoabot_description/meshes/link_4.STL
[0.742s] -- Installing: /home/ros2_ws/install/cocoabot_description/share/cocoabot_description/meshes/link_2.STL
[0.742s] -- Installing: /home/ros2_ws/install/cocoabot_description/share/cocoabot_description/meshes/base_link.STL
[0.743s] -- Installing: /home/ros2_ws/install/cocoabot_description/share/cocoabot_description/meshes/link_5.STL
[0.744s] -- Installing: /home/ros2_ws/install/cocoabot_description/share/cocoabot_description/rviz2
[0.744s] -- Installing: /home/ros2_ws/install/cocoabot_description/share/cocoabot_description/rviz2/cocoabot_config.rviz
[0.744s] -- Installing: /home/ros2_ws/install/cocoabot_description/share/ament_index/resource_index/package_run_dependencies/cocoabot_description
[0.744s] -- Installing: /home/ros2_ws/install/cocoabot_description/share/ament_index/resource_index/parent_prefix_path/cocoabot_description
[0.744s] -- Installing: /home/ros2_ws/install/cocoabot_description/share/cocoabot_description/environment/ament_prefix_path.sh
[0.744s] -- Installing: /home/ros2_ws/install/cocoabot_description/share/cocoabot_description/environment/ament_prefix_path.dsv
[0.744s] -- Installing: /home/ros2_ws/install/cocoabot_description/share/cocoabot_description/environment/path.sh
[0.744s] -- Installing: /home/ros2_ws/install/cocoabot_description/share/cocoabot_description/environment/path.dsv
[0.744s] -- Installing: /home/ros2_ws/install/cocoabot_description/share/cocoabot_description/local_setup.bash
[0.744s] -- Installing: /home/ros2_ws/install/cocoabot_description/share/cocoabot_description/local_setup.sh
[0.744s] -- Installing: /home/ros2_ws/install/cocoabot_description/share/cocoabot_description/local_setup.zsh
[0.744s] -- Installing: /home/ros2_ws/install/cocoabot_description/share/cocoabot_description/local_setup.dsv
[0.744s] -- Installing: /home/ros2_ws/install/cocoabot_description/share/cocoabot_description/package.dsv
[0.745s] -- Installing: /home/ros2_ws/install/cocoabot_description/share/ament_index/resource_index/packages/cocoabot_description
[0.745s] -- Installing: /home/ros2_ws/install/cocoabot_description/share/cocoabot_description/cmake/cocoabot_descriptionConfig.cmake
[0.745s] -- Installing: /home/ros2_ws/install/cocoabot_description/share/cocoabot_description/cmake/cocoabot_descriptionConfig-version.cmake
[0.745s] -- Installing: /home/ros2_ws/install/cocoabot_description/share/cocoabot_description/package.xml
[0.746s] Invoked command in '/home/ros2_ws/build/cocoabot_description' returned '0': CMAKE_PREFIX_PATH=${CMAKE_PREFIX_PATH}:/opt/ros/humble /usr/bin/cmake --install /home/ros2_ws/build/cocoabot_description
