1734191520.9478440 [INFO] [launch]: All log files can be found below /home/ros2_ws/.ros/log/2024-12-14-12-52-00-947441-Lundi-2990
1734191520.9479203 [INFO] [launch]: Default logging verbosity is set to INFO
1734191520.9994419 [INFO] [robot_state_publisher-1]: process started with pid [2991]
1734191520.9996109 [INFO] [joint_state_publisher-2]: process started with pid [2993]
1734191520.9997008 [INFO] [joint_state_publisher_gui-3]: process started with pid [2995]
1734191520.9997778 [INFO] [rviz2-4]: process started with pid [2997]
1734191521.1176825 [joint_state_publisher-2] [INFO] [1734191521.117468102] [joint_state_publisher]: Waiting for robot_description to be published on the robot_description topic...
1734191521.1180003 [joint_state_publisher_gui-3] QStandardPaths: runtime directory '/tmp/runtime-ros2_ws' is not owned by UID 0, but a directory permissions 0755 owned by UID 1000 GID 1000
1734191521.1442022 [joint_state_publisher_gui-3] [INFO] [1734191521.143981775] [joint_state_publisher_gui]: Waiting for robot_description to be published on the robot_description topic...
1734191521.1503167 [joint_state_publisher_gui-3] [INFO] [1734191521.150022671] [joint_state_publisher_gui]: Centering
1734191521.1838372 [joint_state_publisher_gui-3] MESA: error: Failed to query drm device.
1734191521.1839435 [joint_state_publisher_gui-3] libGL error: glx: failed to create dri3 screen
1734191521.1839807 [joint_state_publisher_gui-3] libGL error: failed to load driver: iris
1734191521.1855111 [joint_state_publisher_gui-3] libGL error: failed to open /dev/dri/card1: No such file or directory
1734191521.1855721 [joint_state_publisher_gui-3] libGL error: failed to load driver: iris
1734191521.2068207 [joint_state_publisher_gui-3] [INFO] [1734191521.206661662] [joint_state_publisher_gui]: Centering
1734191542.4931917 [INFO] [joint_state_publisher_gui-3]: process has finished cleanly [pid 2995]
1734191544.6748350 [INFO] [rviz2-4]: process has finished cleanly [pid 2997]
1734192170.4647593 [WARNING] [launch]: user interrupted with ctrl-c (SIGINT)
1734192170.5768359 [INFO] [robot_state_publisher-1]: process has finished cleanly [pid 2991]
1734192170.6044877 [INFO] [joint_state_publisher-2]: process has finished cleanly [pid 2993]
