1734117301.9529228 [INFO] [launch]: All log files can be found below /home/ros2_ws/.ros/log/2024-12-13-16-15-01-952538-Lundi-157
1734117301.9529970 [INFO] [launch]: Default logging verbosity is set to INFO
1734117302.0243456 [INFO] [robot_state_publisher-1]: process started with pid [158]
1734117302.0244932 [INFO] [joint_state_publisher-2]: process started with pid [160]
1734117302.0245578 [INFO] [joint_state_publisher_gui-3]: process started with pid [162]
1734117302.0245907 [INFO] [rviz2-4]: process started with pid [164]
1734117302.1822670 [joint_state_publisher_gui-3] QStandardPaths: runtime directory '/tmp/runtime-ros2_ws' is not owned by UID 0, but a directory permissions 0755 owned by UID 1000 GID 1000
1734117302.2084997 [joint_state_publisher-2] [INFO] [1734117302.208307383] [joint_state_publisher]: Waiting for robot_description to be published on the robot_description topic...
1734117302.2090414 [joint_state_publisher_gui-3] [INFO] [1734117302.208849041] [joint_state_publisher_gui]: Waiting for robot_description to be published on the robot_description topic...
1734117302.2222717 [joint_state_publisher_gui-3] [INFO] [1734117302.222046872] [joint_state_publisher_gui]: Centering
1734117302.2510028 [joint_state_publisher_gui-3] MESA: error: Failed to query drm device.
1734117302.2510967 [joint_state_publisher_gui-3] libGL error: glx: failed to create dri3 screen
1734117302.2511234 [joint_state_publisher_gui-3] libGL error: failed to load driver: iris
1734117302.2526333 [joint_state_publisher_gui-3] libGL error: failed to open /dev/dri/card1: No such file or directory
1734117302.2526777 [joint_state_publisher_gui-3] libGL error: failed to load driver: iris
1734117302.2764111 [joint_state_publisher_gui-3] [INFO] [1734117302.276227306] [joint_state_publisher_gui]: Centering
1734117314.6610382 [INFO] [rviz2-4]: process has finished cleanly [pid 164]
1734117318.3610985 [INFO] [joint_state_publisher_gui-3]: process has finished cleanly [pid 162]
1734117361.0200682 [WARNING] [launch]: user interrupted with ctrl-c (SIGINT)
1734117361.1309061 [INFO] [robot_state_publisher-1]: process has finished cleanly [pid 158]
1734117361.1653187 [INFO] [joint_state_publisher-2]: process has finished cleanly [pid 160]
