(2024-12-14T11:44:12.841312604) (2024-12-14T11:44:12.841322265) [Msg] Ignition Gazebo Server v6.16.0
(2024-12-14T11:44:12.845325224) (2024-12-14T11:44:12.845333586) [Msg] Loading SDF world file[/usr/share/ignition/ignition-gazebo6/worlds/empty.sdf].
(2024-12-14T11:44:12.899454008) (2024-12-14T11:44:12.899459585) [Msg] Serving entity system service on [/entity/system/add]
(2024-12-14T11:44:12.920516688) (2024-12-14T11:44:12.920521360) [Dbg] [Physics.cc:804] Loaded [ignition::physics::dartsim::Plugin] from library [/usr/lib/x86_64-linux-gnu/ign-physics-5/engine-plugins/libignition-physics-dartsim-plugin.so]
(2024-12-14T11:44:12.920553520) (2024-12-14T11:44:12.920555084) [Dbg] [SystemManager.cc:70] Loaded system [gz::sim::systems::Physics] for entity [1]
(2024-12-14T11:44:12.921708887) (2024-12-14T11:44:12.921712363) [Msg] Create service on [/world/empty/create]
(2024-12-14T11:44:12.921768412) (2024-12-14T11:44:12.921770107) [Msg] Remove service on [/world/empty/remove]
(2024-12-14T11:44:12.921821629) (2024-12-14T11:44:12.921823206) [Msg] Pose service on [/world/empty/set_pose]
(2024-12-14T11:44:12.921853387) (2024-12-14T11:44:12.921854944) [Msg] Pose service on [/world/empty/set_pose_vector]
(2024-12-14T11:44:12.921915913) (2024-12-14T11:44:12.921917469) [Msg] Light configuration service on [/world/empty/light_config]
(2024-12-14T11:44:12.921997103) (2024-12-14T11:44:12.921998766) [Msg] Physics service on [/world/empty/set_physics]
(2024-12-14T11:44:12.922036951) (2024-12-14T11:44:12.922038689) [Msg] SphericalCoordinates service on [/world/empty/set_spherical_coordinates]
(2024-12-14T11:44:12.922059768) (2024-12-14T11:44:12.922061256) [Msg] Enable collision service on [/world/empty/enable_collision]
(2024-12-14T11:44:12.922079986) (2024-12-14T11:44:12.922081470) [Msg] Disable collision service on [/world/empty/disable_collision]
(2024-12-14T11:44:12.922145256) (2024-12-14T11:44:12.922146810) [Msg] Material service on [/world/empty/visual_config]
(2024-12-14T11:44:12.922183518) (2024-12-14T11:44:12.922185053) [Msg] Material service on [/world/empty/wheel_slip]
(2024-12-14T11:44:12.922196641) (2024-12-14T11:44:12.922198165) [Dbg] [SystemManager.cc:70] Loaded system [gz::sim::systems::UserCommands] for entity [1]
(2024-12-14T11:44:12.923070143) (2024-12-14T11:44:12.923073340) [Dbg] [SystemManager.cc:70] Loaded system [gz::sim::systems::SceneBroadcaster] for entity [1]
(2024-12-14T11:44:12.923664394) (2024-12-14T11:44:12.923666928) [Dbg] [SystemManager.cc:70] Loaded system [gz::sim::systems::Contact] for entity [1]
(2024-12-14T11:44:12.923875968) (2024-12-14T11:44:12.923878136) [Msg] Loaded level [3]
(2024-12-14T11:44:12.924035087) (2024-12-14T11:44:12.924037384) [Msg] Serving world controls on [/world/empty/control], [/world/empty/control/state] and [/world/empty/playback/control]
(2024-12-14T11:44:12.924079843) (2024-12-14T11:44:12.924081475) [Msg] Serving GUI information on [/world/empty/gui/info]
(2024-12-14T11:44:12.924090163) (2024-12-14T11:44:12.924091641) [Msg] World [empty] initialized with [1ms] physics profile.
(2024-12-14T11:44:12.924145860) (2024-12-14T11:44:12.924147431) [Msg] Serving world SDF generation service on [/world/empty/generate_world_sdf]
(2024-12-14T11:44:12.924183308) (2024-12-14T11:44:12.924184889) [Msg] Serving world names on [/gazebo/worlds]
(2024-12-14T11:44:12.924206453) (2024-12-14T11:44:12.924207941) [Msg] Resource path add service on [/gazebo/resource_paths/add].
(2024-12-14T11:44:12.924232151) (2024-12-14T11:44:12.924233647) [Msg] Resource path get service on [/gazebo/resource_paths/get].
(2024-12-14T11:44:12.924253521) (2024-12-14T11:44:12.924255077) [Msg] Resource path resolve service on [/gazebo/resource_paths/resolve].
(2024-12-14T11:44:12.924283138) (2024-12-14T11:44:12.924284627) [Msg] Resource paths published on [/gazebo/resource_paths].
(2024-12-14T11:44:12.924320984) (2024-12-14T11:44:12.924322476) [Msg] Server control service on [/server_control].
(2024-12-14T11:44:14.740171864) (2024-12-14T11:44:14.740183091) [Msg] Found no publishers on /stats, adding root stats topic
(2024-12-14T11:44:14.740476926) (2024-12-14T11:44:14.740497093) [Msg] Found no publishers on /clock, adding root clock topic
(2024-12-14T11:44:14.740640139) (2024-12-14T11:44:14.740644762) [Dbg] [SimulationRunner.cc:496] Creating PostUpdate worker threads: 3
(2024-12-14T11:44:14.740666974) (2024-12-14T11:44:14.740671126) [Dbg] [SimulationRunner.cc:507] Creating postupdate worker thread (0)
(2024-12-14T11:44:14.740784588) (2024-12-14T11:44:14.740788745) [Dbg] [SimulationRunner.cc:507] Creating postupdate worker thread (1)
(2024-12-14T11:44:14.786689780) (2024-12-14T11:44:14.786694738) [Dbg] [UserCommands.cc:1303] Created entity [10] named [puma560]
(2024-12-14T11:44:14.794428816) (2024-12-14T11:44:14.794437777) [Msg] Serving scene information on [/world/empty/scene/info]
(2024-12-14T11:44:14.794511101) (2024-12-14T11:44:14.794515952) [Msg] Serving graph information on [/world/empty/scene/graph]
(2024-12-14T11:44:14.794646408) (2024-12-14T11:44:14.794651361) [Msg] Serving full state on [/world/empty/state]
(2024-12-14T11:44:14.794709253) (2024-12-14T11:44:14.794714024) [Msg] Serving full state (async) on [/world/empty/state_async]
(2024-12-14T11:44:14.794782424) (2024-12-14T11:44:14.794787175) [Msg] Publishing scene information on [/world/empty/scene/info]
(2024-12-14T11:44:14.794920037) (2024-12-14T11:44:14.794924850) [Msg] Publishing entity deletions on [/world/empty/scene/deletion]
(2024-12-14T11:44:14.794994970) (2024-12-14T11:44:14.794998557) [Msg] Publishing state changes on [/world/empty/state]
(2024-12-14T11:44:14.795050750) (2024-12-14T11:44:14.795053712) [Msg] Publishing pose messages on [/world/empty/pose/info]
(2024-12-14T11:44:14.795091283) (2024-12-14T11:44:14.795094196) [Msg] Publishing dynamic pose messages on [/world/empty/dynamic_pose/info]
(2024-12-14T11:44:14.795264036) (2024-12-14T11:44:14.795278834) [Dbg] [EntityComponentManager.cc:1623] Updated state thread iterators: 16 threads processing around 2 entities each.
(2024-12-14T11:44:14.795662452) (2024-12-14T11:44:14.795666425) [Wrn] [Component.hh:144] Trying to serialize component with data type [N3sdf3v125WorldE], which doesn't have `operator<<`. Component will not be serialized.
(2024-12-14T11:53:16.723161244) (2024-12-14T11:53:16.723172983) [Dbg] [SignalHandler.cc:141] Received signal[2].
(2024-12-14T11:53:16.723205668) (2024-12-14T11:53:16.723212114) [Dbg] [ServerPrivate.cc:110] Server received signal[2]
(2024-12-14T11:53:16.723966125) (2024-12-14T11:53:16.723974847) [Dbg] [gz.cc:410] Shutting down ign-gazebo-server
((2024-12-14T11:53:16.725779113) (2024-12-14T11:53:16.725791500) (2024-12-14T11:53:16.725804917) 2024-12-14T11:53:16.725810007) [Dbg] [SimulationRunner.cc:523] [Dbg] [SimulationRunner.cc:523] [Dbg] [SimulationRunner.cc:523] Exiting postupdate worker thread (Exiting postupdate worker thread (0
)
