-- Install configuration: ""
-- Up-to-date: /home/ros2_ws/install/puma560_description/share/puma560_description/launch
-- Installing: /home/ros2_ws/install/puma560_description/share/puma560_description/launch/gazebo.launch.py
-- Up-to-date: /home/ros2_ws/install/puma560_description/share/puma560_description/launch/display.launch.py
-- Up-to-date: /home/ros2_ws/install/puma560_description/share/puma560_description/urdf
-- Up-to-date: /home/ros2_ws/install/puma560_description/share/puma560_description/urdf/material.xacro
-- Up-to-date: /home/ros2_ws/install/puma560_description/share/puma560_description/urdf/description.txt
-- Up-to-date: /home/ros2_ws/install/puma560_description/share/puma560_description/urdf/puma560_description.xacro
-- Up-to-date: /home/ros2_ws/install/puma560_description/share/puma560_description/config
-- Up-to-date: /home/ros2_ws/install/puma560_description/share/puma560_description/config/config.rviz
-- Up-to-date: /home/ros2_ws/install/puma560_description/share/puma560_description/meshes
-- Up-to-date: /home/ros2_ws/install/puma560_description/share/puma560_description/meshes/link_1.STL
-- Up-to-date: /home/ros2_ws/install/puma560_description/share/puma560_description/meshes/link_3.STL
-- Up-to-date: /home/ros2_ws/install/puma560_description/share/puma560_description/meshes/link_4.STL
-- Up-to-date: /home/ros2_ws/install/puma560_description/share/puma560_description/meshes/link_2.STL
-- Up-to-date: /home/ros2_ws/install/puma560_description/share/puma560_description/meshes/base_link.STL
-- Up-to-date: /home/ros2_ws/install/puma560_description/share/puma560_description/meshes/link_5.STL
-- Up-to-date: /home/ros2_ws/install/puma560_description/share/puma560_description/rviz2
-- Up-to-date: /home/ros2_ws/install/puma560_description/share/puma560_description/rviz2/puma560_config.rviz
-- Up-to-date: /home/ros2_ws/install/puma560_description/share/ament_index/resource_index/package_run_dependencies/puma560_description
-- Up-to-date: /home/ros2_ws/install/puma560_description/share/ament_index/resource_index/parent_prefix_path/puma560_description
-- Up-to-date: /home/ros2_ws/install/puma560_description/share/puma560_description/environment/ament_prefix_path.sh
-- Up-to-date: /home/ros2_ws/install/puma560_description/share/puma560_description/environment/ament_prefix_path.dsv
-- Up-to-date: /home/ros2_ws/install/puma560_description/share/puma560_description/environment/path.sh
-- Up-to-date: /home/ros2_ws/install/puma560_description/share/puma560_description/environment/path.dsv
-- Up-to-date: /home/ros2_ws/install/puma560_description/share/puma560_description/local_setup.bash
-- Up-to-date: /home/ros2_ws/install/puma560_description/share/puma560_description/local_setup.sh
-- Up-to-date: /home/ros2_ws/install/puma560_description/share/puma560_description/local_setup.zsh
-- Up-to-date: /home/ros2_ws/install/puma560_description/share/puma560_description/local_setup.dsv
-- Installing: /home/ros2_ws/install/puma560_description/share/puma560_description/package.dsv
-- Up-to-date: /home/ros2_ws/install/puma560_description/share/ament_index/resource_index/packages/puma560_description
-- Up-to-date: /home/ros2_ws/install/puma560_description/share/puma560_description/cmake/puma560_descriptionConfig.cmake
-- Up-to-date: /home/ros2_ws/install/puma560_description/share/puma560_description/cmake/puma560_descriptionConfig-version.cmake
-- Up-to-date: /home/ros2_ws/install/puma560_description/share/puma560_description/package.xml
